[2026-06-22 08:48:37] [INFO] Model loaded successfully
[2026-06-22 08:48:56] [INFO] Model loaded successfully
[2026-06-22 08:48:59] [INFO] Model loaded successfully
[2026-06-22 08:49:05] [INFO] Model loaded successfully
[2026-06-22 08:49:11] [INFO] Model loaded successfully
[2026-06-22 08:49:14] [INFO] Model loaded successfully
[2026-06-22 09:37:02] [INFO] Incoming request: OPTIONS http://localhost:8000/predict
[2026-06-22 09:37:02] [INFO] Response: 200 | Duration: 12.24ms
[2026-06-22 09:37:02] [INFO] Incoming request: POST http://localhost:8000/predict
[2026-06-22 09:37:02] [INFO] Prediction request received: {'brand': 'Daikin', 'ac_type': 'Split', 'tonnage': 2, 'star_rating': 3, 'inverter': 1, 'wifi_enabled': 1, 'rating': 4, 'bought_last_month': 100, 'smart': 1, 'energy_efficient': 1}
[2026-06-22 09:37:03] [INFO] Prediction result: {'original_price': 56024.765625, 'discount': 28.053607940673828}
[2026-06-22 09:37:03] [INFO] Response: 200 | Duration: 258.48ms
[2026-06-22 09:45:24] [INFO] Incoming request: POST http://localhost:8000/predict
[2026-06-22 09:45:24] [INFO] Prediction request received: {'brand': 'Cruise', 'ac_type': 'Split', 'tonnage': 1.8, 'star_rating': 2, 'inverter': 1, 'wifi_enabled': 1, 'rating': 4.5, 'bought_last_month': 1000, 'smart': 1, 'energy_efficient': 1}
[2026-06-22 09:45:24] [INFO] Prediction result: {'original_price': 47291.2890625, 'discount': 8.899676322937012}
[2026-06-22 09:45:24] [INFO] Response: 200 | Duration: 58.59ms
[2026-06-22 09:45:40] [INFO] Incoming request: POST http://localhost:8000/predict
[2026-06-22 09:45:40] [INFO] Prediction request received: {'brand': 'LG', 'ac_type': 'Split', 'tonnage': 1.8, 'star_rating': 2, 'inverter': 1, 'wifi_enabled': 1, 'rating': 4.5, 'bought_last_month': 1000, 'smart': 1, 'energy_efficient': 1}
[2026-06-22 09:45:41] [INFO] Prediction result: {'original_price': 55192.9453125, 'discount': 11.323264122009277}
[2026-06-22 09:45:41] [INFO] Response: 200 | Duration: 24.54ms
[2026-06-22 10:00:35] [INFO] Incoming request: OPTIONS http://localhost:8000/predict
[2026-06-22 10:00:35] [INFO] Response: 200 | Duration: 39.54ms
[2026-06-22 10:00:35] [INFO] Incoming request: POST http://localhost:8000/predict
[2026-06-22 10:00:35] [INFO] Prediction request received: {'brand': 'Whirlpool', 'ac_type': 'Split', 'tonnage': 1.8, 'star_rating': 3, 'inverter': 1, 'wifi_enabled': 1, 'rating': 4, 'bought_last_month': 9898, 'smart': 1, 'energy_efficient': 1}
[2026-06-22 10:00:35] [INFO] Prediction result: {'original_price': 49856.26953125, 'discount': 21.804161071777344}
[2026-06-22 10:00:35] [INFO] Response: 200 | Duration: 147.72ms
[2026-06-22 10:00:43] [INFO] Model loaded successfully
[2026-06-22 10:00:53] [INFO] Model loaded successfully
[2026-06-22 10:00:58] [INFO] Incoming request: POST http://localhost:8000/predict
[2026-06-22 10:00:58] [INFO] Prediction request received: {'brand': 'Whirlpool', 'ac_type': 'Split', 'tonnage': 1.8, 'star_rating': 3, 'inverter': 1, 'wifi_enabled': 1, 'rating': 4, 'bought_last_month': 9898, 'smart': 1, 'energy_efficient': 1}
[2026-06-22 10:00:59] [INFO] Calculating price after discount | original_price=(49856.27,), discount=21.8%
[2026-06-22 10:00:59] [ERROR] Prediction failed: can't multiply sequence by non-int of type 'float'
[2026-06-22 10:02:52] [INFO] Model loaded successfully
[2026-06-22 10:03:05] [INFO] Model loaded successfully
[2026-06-22 10:07:27] [INFO] Model loaded successfully
[2026-06-22 10:07:33] [INFO] Incoming request: POST http://localhost:8000/predict
[2026-06-22 10:07:33] [INFO] Prediction request received: {'brand': 'Whirlpool', 'ac_type': 'Split', 'tonnage': 1.8, 'star_rating': 3, 'inverter': 1, 'wifi_enabled': 1, 'rating': 4, 'bought_last_month': 9898, 'smart': 1, 'energy_efficient': 1}
[2026-06-22 10:07:33] [ERROR] Prediction failed: float() argument must be a string or a real number, not 'tuple'
[2026-06-22 10:08:02] [INFO] Model loaded successfully
[2026-06-22 10:08:05] [INFO] Model loaded successfully
[2026-06-22 10:08:08] [INFO] Model loaded successfully
[2026-06-22 10:08:11] [INFO] Model loaded successfully
[2026-06-22 10:08:15] [INFO] Model loaded successfully
[2026-06-22 10:08:24] [INFO] Model loaded successfully
[2026-06-22 10:14:04] [INFO] Model loaded successfully
[2026-06-22 10:14:30] [INFO] Incoming request: OPTIONS http://localhost:8000/predict
[2026-06-22 10:14:30] [INFO] Response: 200 | Duration: 1.96ms
[2026-06-22 10:14:30] [INFO] Incoming request: POST http://localhost:8000/predict
[2026-06-22 10:14:30] [INFO] Prediction request received: {'brand': 'Whirlpool', 'ac_type': 'Split', 'tonnage': 1.6, 'star_rating': 3, 'inverter': 1, 'wifi_enabled': 1, 'rating': 3.5, 'bought_last_month': 123, 'smart': 1, 'energy_efficient': 1}
[2026-06-22 10:14:30] [ERROR] Prediction failed: float() argument must be a string or a real number, not 'tuple'
[2026-06-22 10:16:06] [INFO] Model loaded successfully
[2026-06-22 10:16:29] [INFO] Model loaded successfully
[2026-06-22 10:16:32] [INFO] Incoming request: POST http://localhost:8000/predict
[2026-06-22 10:16:32] [INFO] Prediction request received: {'brand': 'Whirlpool', 'ac_type': 'Split', 'tonnage': 1.6, 'star_rating': 3, 'inverter': 1, 'wifi_enabled': 1, 'rating': 3.5, 'bought_last_month': 123, 'smart': 1, 'energy_efficient': 1}
[2026-06-22 10:16:32] [INFO] Calculating price after discount | original_price=32542.58, discount=17.5%
[2026-06-22 10:16:32] [INFO] Final price after discount: 26847.63
[2026-06-22 10:16:32] [INFO] Prediction result: {'original_price': 32542.58, 'discount': 17.5, 'price_after_discount': 26847.63}
[2026-06-22 10:16:32] [INFO] Response: 200 | Duration: 12.22ms
[2026-06-22 10:16:45] [INFO] Model loaded successfully
[2026-06-22 11:55:53] [INFO] Incoming request: OPTIONS http://localhost:8000/predict
[2026-06-22 11:55:53] [INFO] Response: 200 | Duration: 34.86ms
[2026-06-22 11:55:53] [INFO] Incoming request: POST http://localhost:8000/predict
[2026-06-22 11:55:53] [INFO] Incoming request: POST http://localhost:8000/predict
[2026-06-22 11:55:53] [INFO] Prediction request received: {'brand': 'Whirlpool', 'ac_type': 'Split', 'tonnage': 1.6, 'star_rating': 3, 'inverter': 1, 'wifi_enabled': 1, 'rating': 3.5, 'bought_last_month': 123, 'smart': 1, 'energy_efficient': 1}
[2026-06-22 11:55:53] [INFO] Prediction request received: {'brand': 'Whirlpool', 'ac_type': 'Split', 'tonnage': 1.6, 'star_rating': 3, 'inverter': 1, 'wifi_enabled': 1, 'rating': 3.5, 'bought_last_month': 123, 'smart': 1, 'energy_efficient': 1}
[2026-06-22 11:55:54] [INFO] Calculating price after discount | original_price=32542.58, discount=17.5%
[2026-06-22 11:55:54] [INFO] Calculating price after discount | original_price=32542.58, discount=17.5%
[2026-06-22 11:55:54] [INFO] Final price after discount: 26847.63
[2026-06-22 11:55:54] [INFO] Final price after discount: 26847.63
[2026-06-22 11:55:54] [INFO] Prediction result: {'original_price': 32542.58, 'discount': 17.5, 'price_after_discount': 26847.63}
[2026-06-22 11:55:54] [INFO] Prediction result: {'original_price': 32542.58, 'discount': 17.5, 'price_after_discount': 26847.63}
[2026-06-22 11:55:54] [INFO] Response: 200 | Duration: 642.45ms
[2026-06-22 11:55:54] [INFO] Response: 200 | Duration: 726.73ms
[2026-06-22 11:55:54] [INFO] Incoming request: POST http://localhost:8000/predict
[2026-06-22 11:55:54] [INFO] Prediction request received: {'brand': 'Whirlpool', 'ac_type': 'Split', 'tonnage': 1.6, 'star_rating': 3, 'inverter': 1, 'wifi_enabled': 1, 'rating': 3.5, 'bought_last_month': 123, 'smart': 1, 'energy_efficient': 1}
[2026-06-22 11:55:54] [INFO] Calculating price after discount | original_price=32542.58, discount=17.5%
[2026-06-22 11:55:54] [INFO] Final price after discount: 26847.63
[2026-06-22 11:55:54] [INFO] Prediction result: {'original_price': 32542.58, 'discount': 17.5, 'price_after_discount': 26847.63}
[2026-06-22 11:55:54] [INFO] Response: 200 | Duration: 66.78ms
[2026-06-22 11:55:54] [INFO] Incoming request: POST http://localhost:8000/predict
[2026-06-22 11:55:54] [INFO] Prediction request received: {'brand': 'Whirlpool', 'ac_type': 'Split', 'tonnage': 1.6, 'star_rating': 3, 'inverter': 1, 'wifi_enabled': 1, 'rating': 3.5, 'bought_last_month': 123, 'smart': 1, 'energy_efficient': 1}
[2026-06-22 11:55:54] [INFO] Calculating price after discount | original_price=32542.58, discount=17.5%
[2026-06-22 11:55:54] [INFO] Final price after discount: 26847.63
[2026-06-22 11:55:54] [INFO] Prediction result: {'original_price': 32542.58, 'discount': 17.5, 'price_after_discount': 26847.63}
[2026-06-22 11:55:54] [INFO] Response: 200 | Duration: 59.03ms
[2026-06-22 11:55:54] [INFO] Incoming request: POST http://localhost:8000/predict
[2026-06-22 11:55:54] [INFO] Prediction request received: {'brand': 'Whirlpool', 'ac_type': 'Split', 'tonnage': 1.6, 'star_rating': 3, 'inverter': 1, 'wifi_enabled': 1, 'rating': 3.5, 'bought_last_month': 123, 'smart': 1, 'energy_efficient': 1}
[2026-06-22 11:55:55] [INFO] Calculating price after discount | original_price=32542.58, discount=17.5%
[2026-06-22 11:55:55] [INFO] Final price after discount: 26847.63
[2026-06-22 11:55:55] [INFO] Prediction result: {'original_price': 32542.58, 'discount': 17.5, 'price_after_discount': 26847.63}
[2026-06-22 11:55:55] [INFO] Response: 200 | Duration: 127.06ms
[2026-06-22 12:14:50] [INFO] Incoming request: OPTIONS http://localhost:8000/predict
[2026-06-22 12:14:50] [INFO] Response: 200 | Duration: 15.12ms
[2026-06-22 12:14:50] [INFO] Incoming request: OPTIONS http://localhost:8000/predict
[2026-06-22 12:14:50] [INFO] Response: 200 | Duration: 1.57ms
[2026-06-22 12:14:50] [INFO] Incoming request: POST http://localhost:8000/predict
[2026-06-22 12:14:50] [INFO] Prediction request received: {'brand': 'Panasonic', 'ac_type': 'Window', 'tonnage': 2, 'star_rating': 2, 'inverter': 1, 'wifi_enabled': 1, 'rating': 4, 'bought_last_month': 3998, 'smart': 1, 'energy_efficient': 1}
[2026-06-22 12:14:50] [INFO] Incoming request: POST http://localhost:8000/predict
[2026-06-22 12:14:50] [INFO] Prediction request received: {'brand': 'Panasonic', 'ac_type': 'Window', 'tonnage': 2, 'star_rating': 2, 'inverter': 1, 'wifi_enabled': 1, 'rating': 4, 'bought_last_month': 3998, 'smart': 1, 'energy_efficient': 1}
[2026-06-22 12:14:50] [INFO] Calculating price after discount | original_price=55423.96, discount=26.4%
[2026-06-22 12:14:50] [INFO] Calculating price after discount | original_price=55423.96, discount=26.4%
[2026-06-22 12:14:50] [INFO] Final price after discount: 40792.03
[2026-06-22 12:14:50] [INFO] Final price after discount: 40792.03
[2026-06-22 12:14:50] [INFO] Prediction result: {'original_price': 55423.96, 'discount': 26.4, 'price_after_discount': 40792.03}
[2026-06-22 12:14:50] [INFO] Prediction result: {'original_price': 55423.96, 'discount': 26.4, 'price_after_discount': 40792.03}
[2026-06-22 12:14:50] [INFO] Response: 200 | Duration: 183.91ms
[2026-06-22 12:14:50] [INFO] Response: 200 | Duration: 68.11ms
[2026-06-22 12:20:38] [INFO] Incoming request: POST http://localhost:8000/predict
[2026-06-22 12:20:38] [INFO] Prediction request received: {'brand': 'Cruise', 'ac_type': 'Window', 'tonnage': 1.8, 'star_rating': 4, 'inverter': 1, 'wifi_enabled': 1, 'rating': 4, 'bought_last_month': 7897, 'smart': 1, 'energy_efficient': 1}
[2026-06-22 12:20:38] [INFO] Calculating price after discount | original_price=44714.2, discount=16.04%
[2026-06-22 12:20:38] [INFO] Final price after discount: 37542.04
[2026-06-22 12:20:38] [INFO] Prediction result: {'original_price': 44714.2, 'discount': 16.04, 'price_after_discount': 37542.04}
[2026-06-22 12:20:38] [INFO] Response: 200 | Duration: 52.39ms
